c:\users\andreea\music\1234\debug\vc142.pdb
c:\users\andreea\music\1234\debug\vc142.idb
c:\users\andreea\music\1234\debug\ui.obj
c:\users\andreea\music\1234\debug\testeentitate.obj
c:\users\andreea\music\1234\debug\servicetests.obj
c:\users\andreea\music\1234\debug\service.obj
c:\users\andreea\music\1234\debug\repoteste.obj
c:\users\andreea\music\1234\debug\repository.obj
c:\users\andreea\music\1234\debug\project.obj
c:\users\andreea\music\1234\debug\main.obj
c:\users\andreea\source\repos\1234\debug\1234.exe
c:\users\andreea\source\repos\1234\debug\1234.ilk
c:\users\andreea\source\repos\1234\debug\1234.pdb
c:\users\andreea\music\1234\debug\1234.exe
c:\users\andreea\music\1234\debug\1234.ilk
c:\users\andreea\music\1234\debug\1234.pdb
c:\users\andreea\music\1234\debug\1234.tlog\cl.command.1.tlog
c:\users\andreea\music\1234\debug\1234.tlog\cl.read.1.tlog
c:\users\andreea\music\1234\debug\1234.tlog\cl.write.1.tlog
c:\users\andreea\music\1234\debug\1234.tlog\link.command.1.tlog
c:\users\andreea\music\1234\debug\1234.tlog\link.read.1.tlog
c:\users\andreea\music\1234\debug\1234.tlog\link.write.1.tlog
